<?xml version="1.0" encoding="UTF-8"?>
<testng-results ignored="0" total="1" passed="1" failed="0" skipped="0">
  <reporter-output>
  </reporter-output>
  <suite started-at="2024-05-20T23:25:34 IST" name="Default suite" finished-at="2024-05-20T23:25:57 IST" duration-ms="23204">
    <groups>
    </groups>
    <test started-at="2024-05-20T23:25:34 IST" name="Default test" finished-at="2024-05-20T23:25:57 IST" duration-ms="23204">
      <class name="opencrmTesting.FirstTest">
        <test-method is-config="true" signature="b4()[pri:0, instance:opencrmTesting.FirstTest@65c7a252]" started-at="2024-05-20T23:25:34 IST" name="b4" finished-at="2024-05-20T23:25:34 IST" duration-ms="22" status="PASS">
          <reporter-output>
          </reporter-output>
        </test-method> <!-- b4 -->
        <test-method is-config="true" signature="setup()[pri:0, instance:opencrmTesting.FirstTest@65c7a252]" started-at="2024-05-20T23:25:34 IST" name="setup" finished-at="2024-05-20T23:25:40 IST" duration-ms="5959" status="PASS">
          <reporter-output>
          </reporter-output>
        </test-method> <!-- setup -->
        <test-method signature="TestLogin()[pri:0, instance:opencrmTesting.FirstTest@65c7a252]" started-at="2024-05-20T23:25:40 IST" name="TestLogin" finished-at="2024-05-20T23:25:56 IST" duration-ms="16775" status="PASS">
          <reporter-output>
          </reporter-output>
        </test-method> <!-- TestLogin -->
        <test-method is-config="true" signature="closebrowser()[pri:0, instance:opencrmTesting.FirstTest@65c7a252]" started-at="2024-05-20T23:25:56 IST" name="closebrowser" finished-at="2024-05-20T23:25:57 IST" duration-ms="394" status="PASS">
          <reporter-output>
          </reporter-output>
        </test-method> <!-- closebrowser -->
        <test-method is-config="true" signature="After()[pri:0, instance:opencrmTesting.FirstTest@65c7a252]" started-at="2024-05-20T23:25:57 IST" name="After" finished-at="2024-05-20T23:25:57 IST" duration-ms="1" status="PASS">
          <reporter-output>
          </reporter-output>
        </test-method> <!-- After -->
      </class> <!-- opencrmTesting.FirstTest -->
    </test> <!-- Default test -->
  </suite> <!-- Default suite -->
</testng-results>
